<?xml version="1.0"?>
<testsuites>
  <testsuite name="PhantomJS 1.9 (Linux)" package="undefined" timestamp="2013-06-15T12:19:03" id="0" hostname="patate" tests="1" errors="0" failures="0" time="0.003">
    <properties>
      <property name="browser.fullName" value="Mozilla/5.0 (Unknown; Linux x86_64) AppleWebKit/534.34 (KHTML, like Gecko) PhantomJS/1.9.0 Safari/534.34"/>
    </properties>
    <testcase name="add" time="0.003" classname="PhantomJS 1.9 (Linux).Calculator"/>
    <system-out><![CDATA[
]]></system-out>
    <system-err/>
  </testsuite>
  <testsuite name="Chrome 29.0 (Linux)" package="undefined" timestamp="2013-06-15T12:19:03" id="0" hostname="patate" tests="1" errors="0" failures="0" time="0.01">
    <properties>
      <property name="browser.fullName" value="Mozilla/5.0 (X11; Linux x86_64) AppleWebKit/537.36 (KHTML, like Gecko) Chrome/29.0.1535.3 Safari/537.36"/>
    </properties>
    <testcase name="add" time="0.01" classname="Chrome 29.0 (Linux).Calculator"/>
    <system-out><![CDATA[
]]></system-out>
    <system-err/>
  </testsuite>
  <testsuite name="Firefox 21.0 (Linux)" package="undefined" timestamp="2013-06-15T12:19:03" id="0" hostname="patate" tests="1" errors="0" failures="0" time="0.003">
    <properties>
      <property name="browser.fullName" value="Mozilla/5.0 (X11; Ubuntu; Linux x86_64; rv:21.0) Gecko/20100101 Firefox/21.0"/>
    </properties>
    <testcase name="add" time="0.003" classname="Firefox 21.0 (Linux).Calculator"/>
    <system-out><![CDATA[
]]></system-out>
    <system-err/>
  </testsuite>
</testsuites>
